[debug] [2021-11-08T16:45:13.622Z] ----------------------------------------------------------------------
[debug] [2021-11-08T16:45:13.624Z] Command:       C:\Program Files\nodejs\node.exe C:\Users\pickenla\AppData\Roaming\npm\node_modules\firebase-tools\lib\bin\firebase.js serve
[debug] [2021-11-08T16:45:13.624Z] CLI Version:   9.16.6
[debug] [2021-11-08T16:45:13.625Z] Platform:      win32
[debug] [2021-11-08T16:45:13.625Z] Node Version:  v12.18.3
[debug] [2021-11-08T16:45:13.625Z] Time:          Mon Nov 08 2021 11:45:13 GMT-0500 (Eastern Standard Time)
[debug] [2021-11-08T16:45:13.626Z] ----------------------------------------------------------------------
[debug] 
[debug] [2021-11-08T16:45:13.671Z] > command requires scopes: ["email","openid","https://www.googleapis.com/auth/cloudplatformprojects.readonly","https://www.googleapis.com/auth/firebase","https://www.googleapis.com/auth/cloud-platform"]
[debug] [2021-11-08T16:45:13.671Z] > authorizing via signed-in user (lpickens296@gmail.com)
[debug] [2021-11-08T16:45:13.671Z] [iam] checking project pickens-thorp-squadm8-csse280 for permissions ["firebase.projects.get"]
[debug] [2021-11-08T16:45:13.673Z] > refreshing access token with scopes: ["email","https://www.googleapis.com/auth/cloud-platform","https://www.googleapis.com/auth/cloudplatformprojects.readonly","https://www.googleapis.com/auth/firebase","openid"]
[debug] [2021-11-08T16:45:13.673Z] >>> HTTP REQUEST POST https://www.googleapis.com/oauth2/v3/token  
 <request body omitted>
[debug] [2021-11-08T16:45:13.761Z] <<< HTTP RESPONSE 200 {"pragma":"no-cache","expires":"Mon, 01 Jan 1990 00:00:00 GMT","date":"Mon, 08 Nov 2021 16:45:13 GMT","cache-control":"no-cache, no-store, max-age=0, must-revalidate","content-type":"application/json; charset=utf-8","vary":"X-Origin, Referer, Origin,Accept-Encoding","server":"scaffolding on HTTPServer2","x-xss-protection":"0","x-frame-options":"SAMEORIGIN","x-content-type-options":"nosniff","alt-svc":"h3=\":443\"; ma=2592000,h3-29=\":443\"; ma=2592000,h3-Q050=\":443\"; ma=2592000,h3-Q046=\":443\"; ma=2592000,h3-Q043=\":443\"; ma=2592000,quic=\":443\"; ma=2592000; v=\"46,43\"","accept-ranges":"none","transfer-encoding":"chunked"}
[debug] [2021-11-08T16:45:13.768Z] >>> HTTP REQUEST POST https://cloudresourcemanager.googleapis.com/v1/projects/pickens-thorp-squadm8-csse280:testIamPermissions  
 {"permissions":["firebase.projects.get"]}
[debug] [2021-11-08T16:45:13.854Z] <<< HTTP RESPONSE 200 {"content-type":"application/json; charset=UTF-8","vary":"X-Origin, Referer, Origin,Accept-Encoding","date":"Mon, 08 Nov 2021 16:45:13 GMT","server":"ESF","cache-control":"private","x-xss-protection":"0","x-frame-options":"SAMEORIGIN","x-content-type-options":"nosniff","server-timing":"gfet4t7; dur=46","alt-svc":"h3=\":443\"; ma=2592000,h3-29=\":443\"; ma=2592000,h3-Q050=\":443\"; ma=2592000,h3-Q046=\":443\"; ma=2592000,h3-Q043=\":443\"; ma=2592000,quic=\":443\"; ma=2592000; v=\"46,43\"","accept-ranges":"none","transfer-encoding":"chunked"}
[debug] [2021-11-08T16:45:13.856Z] > refreshing access token with scopes: []
[debug] [2021-11-08T16:45:13.856Z] >>> HTTP REQUEST POST https://www.googleapis.com/oauth2/v3/token  
 <request body omitted>
[debug] [2021-11-08T16:45:13.921Z] <<< HTTP RESPONSE 200 {"date":"Mon, 08 Nov 2021 16:45:13 GMT","expires":"Mon, 01 Jan 1990 00:00:00 GMT","pragma":"no-cache","cache-control":"no-cache, no-store, max-age=0, must-revalidate","content-type":"application/json; charset=utf-8","vary":"X-Origin, Referer, Origin,Accept-Encoding","server":"scaffolding on HTTPServer2","x-xss-protection":"0","x-frame-options":"SAMEORIGIN","x-content-type-options":"nosniff","alt-svc":"h3=\":443\"; ma=2592000,h3-29=\":443\"; ma=2592000,h3-Q050=\":443\"; ma=2592000,h3-Q046=\":443\"; ma=2592000,h3-Q043=\":443\"; ma=2592000,quic=\":443\"; ma=2592000; v=\"46,43\"","accept-ranges":"none","transfer-encoding":"chunked"}
[debug] [2021-11-08T16:45:13.928Z] >>> [apiv2][query] GET https://firebase.googleapis.com/v1beta1/projects/pickens-thorp-squadm8-csse280 [none]
[debug] [2021-11-08T16:45:14.058Z] <<< [apiv2][status] GET https://firebase.googleapis.com/v1beta1/projects/pickens-thorp-squadm8-csse280 200
[debug] [2021-11-08T16:45:14.058Z] <<< [apiv2][body] GET https://firebase.googleapis.com/v1beta1/projects/pickens-thorp-squadm8-csse280 {"projectId":"pickens-thorp-squadm8-csse280","projectNumber":"779608919269","displayName":"squadm8-workspace","name":"projects/pickens-thorp-squadm8-csse280","resources":{"hostingSite":"pickens-thorp-squadm8-csse280","storageBucket":"pickens-thorp-squadm8-csse280.appspot.com","locationId":"us-central"},"state":"ACTIVE"}
[info] 
[info] === Serving from 'C:\Users\pickenla\fall-2021-project-team-m8'...
[info] 
[debug] [2021-11-08T16:45:14.061Z] >>> [apiv2][query] GET https://firebasehosting.googleapis.com/v1beta1/projects/pickens-thorp-squadm8-csse280/sites 
